1622979214898	geckodriver	INFO	Listening on 127.0.0.1:50273
1622979217933	mozrunner::runner	INFO	Running command: "C:\\Program Files\\Mozilla Firefox\\firefox.exe" "--marionette" "-foreground" "-no-remote" "-profile" "C:\\Users\\KLIMEN~1.K\\AppData\\Local\\Temp\\rust_mozprofileT4syOq"
1622979218520	Marionette	INFO	Marionette enabled
console.warn: SearchSettings: "get: No settings file exists, new profile?" (new NotFoundError("Could not open the file at C:\\Users\\klimentova.k\\AppData\\Local\\Temp\\rust_mozprofileT4syOq\\search.json.mozlz4", (void 0)))
1622979220649	Marionette	INFO	Listening on port 53751
1622979221087	Marionette	WARN	TLS certificate errors will be ignored for this session
JavaScript error: , line 0: NS_ERROR_NOT_AVAILABLE
1:50091
1622979293341	mozrunner::runner	INFO	Running command: "C:\\Program Files\\Mozilla Firefox\\firefox.exe" "--marionette" "-foreground" "-no-remote" "-profile" "C:\\Users\\KLIMEN~1.K\\AppData\\Local\\Temp\\rust_mozprofileQQ4eyv"
1622979293644	Marionette	INFO	Marionette enabled
console.warn: SearchSettings: "get: No settings file exists, new profile?" (new NotFoundError("Could not open the file at C:\\Users\\klimentova.k\\AppData\\Local\\Temp\\rust_mozprofileQQ4eyv\\search.json.mozlz4", (void 0)))
1622979295567	Marionette	INFO	Listening on port 58745
1622979296044	Marionette	WARN	TLS certificate errors will be ignored for this session
1622979305425	Marionette	INFO	Stopped listening on port 58745

###!!! [Child][RunMessage] Error: Channel closing: too late to send/recv, messages will be lost

1622979330277	geckodriver	INFO	Listening on 127.0.0.1:54688
1622979333296	mozrunner::runner	INFO	Running command: "C:\\Program Files\\Mozilla Firefox\\firefox.exe" "--marionette" "-foreground" "-no-remote" "-profile" "C:\\Users\\KLIMEN~1.K\\AppData\\Local\\Temp\\rust_mozprofileh5JAhP"
1622979333593	Marionette	INFO	Marionette enabled
console.warn: SearchSettings: "get: No settings file exists, new profile?" (new NotFoundError("Could not open the file at C:\\Users\\klimentova.k\\AppData\\Local\\Temp\\rust_mozprofileh5JAhP\\search.json.mozlz4", (void 0)))
1622979335394	Marionette	INFO	Listening on port 56377
1622979335468	Marionette	WARN	TLS certificate errors will be ignored for this session
1622979339237	Marionette	INFO	Stopped listening on port 56377

###!!! [Child][RunMessage] Error: Channel closing: too late to send/recv, messages will be lost

